#
# There is insufficient memory for the Java Runtime Environment to continue.
# Native memory allocation (mmap) failed to map 308281344 bytes for G1 virtual space
# Possible reasons:
#   The system is out of physical RAM or swap space
#   The process is running with CompressedOops enabled, and the Java Heap may be blocking the growth of the native heap
# Possible solutions:
#   Reduce memory load on the system
#   Increase physical memory or swap space
#   Check if swap backing store is full
#   Decrease Java heap size (-Xmx/-Xms)
#   Decrease number of Java threads
#   Decrease Java thread stack sizes (-Xss)
#   Set larger code cache with -XX:ReservedCodeCacheSize=
#   JVM is running with Unscaled Compressed Oops mode in which the Java heap is
#     placed in the first 4GB address space. The Java Heap base address is the
#     maximum limit for the native heap growth. Please use -XX:HeapBaseMinAddress
#     to set the Java Heap base and to place the Java Heap above 4GB virtual address.
# This output file may be truncated or incomplete.
#
#  Out of Memory Error (os_windows.cpp:3535), pid=14208, tid=17240
#
# JRE version: Java(TM) SE Runtime Environment (17.0.3.1+2) (build 17.0.3.1+2-LTS-6)
# Java VM: Java HotSpot(TM) 64-Bit Server VM (17.0.3.1+2-LTS-6, mixed mode, sharing, tiered, compressed oops, compressed class ptrs, g1 gc, windows-amd64)
# No core dump will be written. Minidumps are not enabled by default on client versions of Windows
#

---------------  S U M M A R Y ------------

Command Line: -Dfile.encoding=UTF-8 -XX:+ShowCodeDetailsInExceptionMessages com.Fintech.OnlineBanking.OnlineBankingApplication

Host: Intel(R) Core(TM) i5-10500H CPU @ 2.50GHz, 12 cores, 7G,  Windows 10 , 64 bit Build 19041 (10.0.19041.3155)
Time: Wed Sep  6 21:01:50 2023 Egypt Daylight Time elapsed time: 9.088146 seconds (0d 0h 0m 9s)

---------------  T H R E A D  ---------------

Current thread (0x0000024b7e9ba750):  VMThread "VM Thread" [stack: 0x00000067ed300000,0x00000067ed400000] [id=17240]

Stack: [0x00000067ed300000,0x00000067ed400000]
Native frames: (J=compiled Java code, j=interpreted, Vv=VM code, C=native code)
V  [jvm.dll+0x6711ba]
V  [jvm.dll+0x7d0834]
V  [jvm.dll+0x7d1fde]
V  [jvm.dll+0x7d2643]
V  [jvm.dll+0x242c85]
V  [jvm.dll+0x66e0d9]
V  [jvm.dll+0x662a22]
V  [jvm.dll+0x300ddb]
V  [jvm.dll+0x308376]
V  [jvm.dll+0x357f7e]
V  [jvm.dll+0x3581af]
V  [jvm.dll+0x2d7ff8]
V  [jvm.dll+0x2d62c4]
V  [jvm.dll+0x2d58cc]
V  [jvm.dll+0x319661]
V  [jvm.dll+0x7d6b1b]
V  [jvm.dll+0x7d7854]
V  [jvm.dll+0x7d7d6c]
V  [jvm.dll+0x7d8144]
V  [jvm.dll+0x7d8210]
V  [jvm.dll+0x780aca]
V  [jvm.dll+0x670045]
C  [ucrtbase.dll+0x21bb2]
C  [KERNEL32.DLL+0x17614]
C  [ntdll.dll+0x526b1]

VM_Operation (0x00000067f00fd360): G1TryInitiateConcMark, mode: safepoint, requested by thread 0x0000024b14e2d150


---------------  P R O C E S S  ---------------

Threads class SMR info:
_java_thread_list=0x0000024b115fe150, length=37, elements={
0x0000024b6f5cd910, 0x0000024b7e9beb10, 0x0000024b7e9bf890, 0x0000024b7e9cd9a0,
0x0000024b7e9ef880, 0x0000024b7e9f2150, 0x0000024b7e9fea30, 0x0000024b7ea03b50,
0x0000024b7ea04710, 0x0000024b7f408070, 0x0000024b7f52f870, 0x0000024b7f5411a0,
0x0000024b11899550, 0x0000024b11897d40, 0x0000024b11898bb0, 0x0000024b11899a20,
0x0000024b11896060, 0x0000024b11896a00, 0x0000024b11897870, 0x0000024b14e30170,
0x0000024b14e33660, 0x0000024b14e2be10, 0x0000024b14e2f7d0, 0x0000024b14e2daf0,
0x0000024b14e2fca0, 0x0000024b14e2e490, 0x0000024b14e2c7b0, 0x0000024b14e30fe0,
0x0000024b14e30640, 0x0000024b14e2c2e0, 0x0000024b14e31980, 0x0000024b14e2cc80,
0x0000024b14e2d150, 0x0000024b14e2d620, 0x0000024b14e2f300, 0x0000024b14e2e960,
0x0000024b14e2dfc0
}

Java Threads: ( => current thread )
  0x0000024b6f5cd910 JavaThread "main" [_thread_blocked, id=24012, stack(0x00000067ecd00000,0x00000067ece00000)]
  0x0000024b7e9beb10 JavaThread "Reference Handler" daemon [_thread_blocked, id=12664, stack(0x00000067ed400000,0x00000067ed500000)]
  0x0000024b7e9bf890 JavaThread "Finalizer" daemon [_thread_blocked, id=21148, stack(0x00000067ed500000,0x00000067ed600000)]
  0x0000024b7e9cd9a0 JavaThread "Signal Dispatcher" daemon [_thread_blocked, id=22644, stack(0x00000067ed600000,0x00000067ed700000)]
  0x0000024b7e9ef880 JavaThread "Attach Listener" daemon [_thread_blocked, id=19048, stack(0x00000067ed700000,0x00000067ed800000)]
  0x0000024b7e9f2150 JavaThread "Service Thread" daemon [_thread_blocked, id=4004, stack(0x00000067ed800000,0x00000067ed900000)]
  0x0000024b7e9fea30 JavaThread "Monitor Deflation Thread" daemon [_thread_blocked, id=24116, stack(0x00000067ed900000,0x00000067eda00000)]
  0x0000024b7ea03b50 JavaThread "C2 CompilerThread0" daemon [_thread_blocked, id=16396, stack(0x00000067eda00000,0x00000067edb00000)]
  0x0000024b7ea04710 JavaThread "C1 CompilerThread0" daemon [_thread_blocked, id=22768, stack(0x00000067edb00000,0x00000067edc00000)]
  0x0000024b7f408070 JavaThread "Sweeper thread" daemon [_thread_blocked, id=9136, stack(0x00000067edc00000,0x00000067edd00000)]
  0x0000024b7f52f870 JavaThread "Notification Thread" daemon [_thread_blocked, id=27480, stack(0x00000067edd00000,0x00000067ede00000)]
  0x0000024b7f5411a0 JavaThread "Common-Cleaner" daemon [_thread_blocked, id=29648, stack(0x00000067edf00000,0x00000067ee000000)]
  0x0000024b11899550 JavaThread "mysql-cj-abandoned-connection-cleanup" daemon [_thread_blocked, id=2732, stack(0x00000067eec00000,0x00000067eed00000)]
  0x0000024b11897d40 JavaThread "HikariPool-1 housekeeper" daemon [_thread_blocked, id=8208, stack(0x00000067eee00000,0x00000067eef00000)]
  0x0000024b11898bb0 JavaThread "HikariPool-1 connection adder" daemon [_thread_blocked, id=26388, stack(0x00000067eef00000,0x00000067ef000000)]
  0x0000024b11899a20 JavaThread "Catalina-utility-1" [_thread_blocked, id=22236, stack(0x00000067ee000000,0x00000067ee100000)]
  0x0000024b11896060 JavaThread "Catalina-utility-2" [_thread_blocked, id=1176, stack(0x00000067ef000000,0x00000067ef100000)]
  0x0000024b11896a00 JavaThread "container-0" [_thread_blocked, id=28008, stack(0x00000067ef100000,0x00000067ef200000)]
  0x0000024b11897870 JavaThread "ClassGraph-worker-114" daemon [_thread_blocked, id=14064, stack(0x00000067ef200000,0x00000067ef300000)]
  0x0000024b14e30170 JavaThread "ClassGraph-worker-115" daemon [_thread_blocked, id=20828, stack(0x00000067ef300000,0x00000067ef400000)]
  0x0000024b14e33660 JavaThread "ClassGraph-worker-116" daemon [_thread_blocked, id=18644, stack(0x00000067ef400000,0x00000067ef500000)]
  0x0000024b14e2be10 JavaThread "ClassGraph-worker-117" daemon [_thread_blocked, id=22556, stack(0x00000067ef500000,0x00000067ef600000)]
  0x0000024b14e2f7d0 JavaThread "ClassGraph-worker-118" daemon [_thread_blocked, id=23248, stack(0x00000067ef600000,0x00000067ef700000)]
  0x0000024b14e2daf0 JavaThread "ClassGraph-worker-119" daemon [_thread_blocked, id=27868, stack(0x00000067ef700000,0x00000067ef800000)]
  0x0000024b14e2fca0 JavaThread "ClassGraph-worker-120" daemon [_thread_blocked, id=7780, stack(0x00000067ef800000,0x00000067ef900000)]
  0x0000024b14e2e490 JavaThread "ClassGraph-worker-121" daemon [_thread_blocked, id=25980, stack(0x00000067ef900000,0x00000067efa00000)]
  0x0000024b14e2c7b0 JavaThread "ClassGraph-worker-122" daemon [_thread_blocked, id=26108, stack(0x00000067efa00000,0x00000067efb00000)]
  0x0000024b14e30fe0 JavaThread "ClassGraph-worker-123" daemon [_thread_blocked, id=11292, stack(0x00000067efb00000,0x00000067efc00000)]
  0x0000024b14e30640 JavaThread "ClassGraph-worker-124" daemon [_thread_blocked, id=19608, stack(0x00000067efc00000,0x00000067efd00000)]
  0x0000024b14e2c2e0 JavaThread "ClassGraph-worker-125" daemon [_thread_blocked, id=17424, stack(0x00000067efd00000,0x00000067efe00000)]
  0x0000024b14e31980 JavaThread "ClassGraph-worker-126" daemon [_thread_blocked, id=9272, stack(0x00000067efe00000,0x00000067eff00000)]
  0x0000024b14e2cc80 JavaThread "ClassGraph-worker-127" daemon [_thread_blocked, id=22680, stack(0x00000067eff00000,0x00000067f0000000)]
  0x0000024b14e2d150 JavaThread "ClassGraph-worker-128" daemon [_thread_blocked, id=1052, stack(0x00000067f0000000,0x00000067f0100000)]
  0x0000024b14e2d620 JavaThread "ClassGraph-worker-129" daemon [_thread_blocked, id=9488, stack(0x00000067f0100000,0x00000067f0200000)]
  0x0000024b14e2f300 JavaThread "ClassGraph-worker-130" daemon [_thread_blocked, id=13664, stack(0x00000067f0200000,0x00000067f0300000)]
  0x0000024b14e2e960 JavaThread "ClassGraph-worker-131" daemon [_thread_blocked, id=14468, stack(0x00000067f0300000,0x00000067f0400000)]
  0x0000024b14e2dfc0 JavaThread "ClassGraph-worker-132" daemon [_thread_blocked, id=16816, stack(0x00000067f0400000,0x00000067f0500000)]

Other Threads:
=>0x0000024b7e9ba750 VMThread "VM Thread" [stack: 0x00000067ed300000,0x00000067ed400000] [id=17240]
  0x0000024b6f648290 WatcherThread [stack: 0x00000067ede00000,0x00000067edf00000] [id=16784]
  0x0000024b6f627a70 GCTaskThread "GC Thread#0" [stack: 0x00000067ece00000,0x00000067ecf00000] [id=19272]
  0x0000024b0f33bc40 GCTaskThread "GC Thread#1" [stack: 0x00000067ee100000,0x00000067ee200000] [id=14516]
  0x0000024b0f646020 GCTaskThread "GC Thread#2" [stack: 0x00000067ee200000,0x00000067ee300000] [id=24428]
  0x0000024b0f45ca80 GCTaskThread "GC Thread#3" [stack: 0x00000067ee300000,0x00000067ee400000] [id=16708]
  0x0000024b0f477970 GCTaskThread "GC Thread#4" [stack: 0x00000067ee400000,0x00000067ee500000] [id=27768]
  0x0000024b0f336280 GCTaskThread "GC Thread#5" [stack: 0x00000067ee500000,0x00000067ee600000] [id=16720]
  0x0000024b0f604020 GCTaskThread "GC Thread#6" [stack: 0x00000067ee700000,0x00000067ee800000] [id=3324]
  0x0000024b0f524470 GCTaskThread "GC Thread#7" [stack: 0x00000067ee800000,0x00000067ee900000] [id=27460]
  0x0000024b0f5383d0 GCTaskThread "GC Thread#8" [stack: 0x00000067ee900000,0x00000067eea00000] [id=26364]
  0x0000024b0f9a22d0 GCTaskThread "GC Thread#9" [stack: 0x00000067eea00000,0x00000067eeb00000] [id=2996]
  0x0000024b6f639170 ConcurrentGCThread "G1 Main Marker" [stack: 0x00000067ecf00000,0x00000067ed000000] [id=19300]
  0x0000024b6f639f00 ConcurrentGCThread "G1 Conc#0" [stack: 0x00000067ed000000,0x00000067ed100000] [id=5196]
  0x0000024b110753c0 ConcurrentGCThread "G1 Conc#1" [stack: 0x00000067ee600000,0x00000067ee700000] [id=4912]
  0x0000024b11075670 ConcurrentGCThread "G1 Conc#2" [stack: 0x00000067eeb00000,0x00000067eec00000] [id=3760]
  0x0000024b7e871000 ConcurrentGCThread "G1 Refine#0" [stack: 0x00000067ed100000,0x00000067ed200000] [id=20352]
  0x0000024b11c67910 ConcurrentGCThread "G1 Refine#1" [stack: 0x00000067f0500000,0x00000067f0600000] [id=22892]
  0x0000024b7e871930 ConcurrentGCThread "G1 Service" [stack: 0x00000067ed200000,0x00000067ed300000] [id=12972]

Threads with active compile tasks:
C2 CompilerThread0     9136 7993   !   4       io.github.classgraph.ClasspathElementZip::open (1079 bytes)
C1 CompilerThread0     9136 8074   !   2       java.nio.DirectByteBuffer::<init> (148 bytes)

VM state: at safepoint (normal execution)

VM Mutex/Monitor currently owned by a thread:  ([mutex/lock_event])
[0x0000024b6f5cabb0] Threads_lock - owner thread: 0x0000024b7e9ba750
[0x0000024b6f5c9650] Heap_lock - owner thread: 0x0000024b14e2d150

Heap address: 0x0000000083800000, size: 1992 MB, Compressed Oops mode: 32-bit

CDS archive(s) mapped at: [0x0000000800000000-0x0000000800bc0000-0x0000000800bc0000), size 12320768, SharedBaseAddress: 0x0000000800000000, ArchiveRelocationMode: 0.
Compressed class space mapped at: 0x0000000800c00000-0x0000000840c00000, reserved size: 1073741824
Narrow klass base: 0x0000000800000000, Narrow klass shift: 0, Narrow klass range: 0x100000000

GC Precious Log:
 CPUs: 12 total, 12 available
 Memory: 7967M
 Large Page Support: Disabled
 NUMA Support: Disabled
 Compressed Oops: Enabled (32-bit)
 Heap Region Size: 1M
 Heap Min Capacity: 8M
 Heap Initial Capacity: 126M
 Heap Max Capacity: 1992M
 Pre-touch: Disabled
 Parallel Workers: 10
 Concurrent Workers: 3
 Concurrent Refinement Workers: 10
 Periodic GC: Disabled

Heap:
 garbage-first heap   total 150528K, used 77824K [0x0000000083800000, 0x0000000100000000)
  region size 1024K, 6 young (6144K), 6 survivors (6144K)
 Metaspace       used 76077K, committed 76672K, reserved 1122304K
  class space    used 10477K, committed 10752K, reserved 1048576K

Heap Regions: E=young(eden), S=young(survivor), O=old, HS=humongous(starts), HC=humongous(continues), CS=collection set, F=free, OA=open archive, CA=closed archive, TAMS=top-at-mark-start (previous, next)
|   0|0x0000000083800000, 0x0000000083900000, 0x0000000083900000|100%|HS|  |TAMS 0x0000000083900000, 0x0000000083900000| Complete 
|   1|0x0000000083900000, 0x0000000083a00000, 0x0000000083a00000|100%| O|  |TAMS 0x0000000083a00000, 0x0000000083a00000| Untracked 
|   2|0x0000000083a00000, 0x0000000083b00000, 0x0000000083b00000|100%| O|  |TAMS 0x0000000083b00000, 0x0000000083b00000| Untracked 
|   3|0x0000000083b00000, 0x0000000083c00000, 0x0000000083c00000|100%| O|  |TAMS 0x0000000083c00000, 0x0000000083c00000| Untracked 
|   4|0x0000000083c00000, 0x0000000083d00000, 0x0000000083d00000|100%| O|  |TAMS 0x0000000083d00000, 0x0000000083d00000| Untracked 
|   5|0x0000000083d00000, 0x0000000083e00000, 0x0000000083e00000|100%| O|  |TAMS 0x0000000083e00000, 0x0000000083e00000| Untracked 
|   6|0x0000000083e00000, 0x0000000083f00000, 0x0000000083f00000|100%| O|  |TAMS 0x0000000083f00000, 0x0000000083f00000| Untracked 
|   7|0x0000000083f00000, 0x0000000084000000, 0x0000000084000000|100%| O|  |TAMS 0x0000000084000000, 0x0000000084000000| Untracked 
|   8|0x0000000084000000, 0x0000000084100000, 0x0000000084100000|100%| O|  |TAMS 0x0000000084100000, 0x0000000084100000| Untracked 
|   9|0x0000000084100000, 0x0000000084200000, 0x0000000084200000|100%| O|  |TAMS 0x0000000084200000, 0x0000000084200000| Untracked 
|  10|0x0000000084200000, 0x0000000084300000, 0x0000000084300000|100%| O|  |TAMS 0x0000000084300000, 0x0000000084300000| Untracked 
|  11|0x0000000084300000, 0x0000000084400000, 0x0000000084400000|100%| O|  |TAMS 0x0000000084400000, 0x0000000084400000| Untracked 
|  12|0x0000000084400000, 0x0000000084500000, 0x0000000084500000|100%| O|  |TAMS 0x0000000084500000, 0x0000000084500000| Untracked 
|  13|0x0000000084500000, 0x0000000084600000, 0x0000000084600000|100%| O|  |TAMS 0x0000000084600000, 0x0000000084600000| Untracked 
|  14|0x0000000084600000, 0x0000000084700000, 0x0000000084700000|100%| O|  |TAMS 0x0000000084700000, 0x0000000084700000| Untracked 
|  15|0x0000000084700000, 0x0000000084800000, 0x0000000084800000|100%| O|  |TAMS 0x0000000084800000, 0x0000000084800000| Untracked 
|  16|0x0000000084800000, 0x0000000084900000, 0x0000000084900000|100%| O|  |TAMS 0x0000000084900000, 0x0000000084900000| Untracked 
|  17|0x0000000084900000, 0x0000000084a00000, 0x0000000084a00000|100%| O|  |TAMS 0x0000000084a00000, 0x0000000084a00000| Untracked 
|  18|0x0000000084a00000, 0x0000000084b00000, 0x0000000084b00000|100%| O|  |TAMS 0x0000000084b00000, 0x0000000084b00000| Untracked 
|  19|0x0000000084b00000, 0x0000000084c00000, 0x0000000084c00000|100%| O|  |TAMS 0x0000000084c00000, 0x0000000084c00000| Untracked 
|  20|0x0000000084c00000, 0x0000000084d00000, 0x0000000084d00000|100%| O|  |TAMS 0x0000000084d00000, 0x0000000084d00000| Untracked 
|  21|0x0000000084d00000, 0x0000000084e00000, 0x0000000084e00000|100%| O|  |TAMS 0x0000000084e00000, 0x0000000084e00000| Untracked 
|  22|0x0000000084e00000, 0x0000000084f00000, 0x0000000084f00000|100%| O|  |TAMS 0x0000000084f00000, 0x0000000084f00000| Untracked 
|  23|0x0000000084f00000, 0x0000000085000000, 0x0000000085000000|100%| O|  |TAMS 0x0000000085000000, 0x0000000085000000| Untracked 
|  24|0x0000000085000000, 0x0000000085100000, 0x0000000085100000|100%| O|  |TAMS 0x0000000085100000, 0x0000000085100000| Untracked 
|  25|0x0000000085100000, 0x0000000085200000, 0x0000000085200000|100%| O|  |TAMS 0x0000000085200000, 0x0000000085200000| Untracked 
|  26|0x0000000085200000, 0x0000000085300000, 0x0000000085300000|100%| O|  |TAMS 0x0000000085300000, 0x0000000085300000| Untracked 
|  27|0x0000000085300000, 0x0000000085400000, 0x0000000085400000|100%| O|  |TAMS 0x0000000085400000, 0x0000000085400000| Untracked 
|  28|0x0000000085400000, 0x0000000085500000, 0x0000000085500000|100%| O|  |TAMS 0x0000000085500000, 0x0000000085500000| Untracked 
|  29|0x0000000085500000, 0x0000000085600000, 0x0000000085600000|100%| O|  |TAMS 0x0000000085600000, 0x0000000085600000| Untracked 
|  30|0x0000000085600000, 0x0000000085700000, 0x0000000085700000|100%| O|  |TAMS 0x0000000085700000, 0x0000000085700000| Untracked 
|  31|0x0000000085700000, 0x0000000085800000, 0x0000000085800000|100%| O|  |TAMS 0x0000000085800000, 0x0000000085800000| Untracked 
|  32|0x0000000085800000, 0x0000000085900000, 0x0000000085900000|100%| O|  |TAMS 0x0000000085900000, 0x0000000085900000| Untracked 
|  33|0x0000000085900000, 0x0000000085a00000, 0x0000000085a00000|100%| O|  |TAMS 0x0000000085a00000, 0x0000000085a00000| Untracked 
|  34|0x0000000085a00000, 0x0000000085b00000, 0x0000000085b00000|100%| O|  |TAMS 0x0000000085b00000, 0x0000000085b00000| Untracked 
|  35|0x0000000085b00000, 0x0000000085c00000, 0x0000000085c00000|100%| O|  |TAMS 0x0000000085c00000, 0x0000000085c00000| Untracked 
|  36|0x0000000085c00000, 0x0000000085d00000, 0x0000000085d00000|100%| O|  |TAMS 0x0000000085c00000, 0x0000000085c00000| Untracked 
|  37|0x0000000085d00000, 0x0000000085e00000, 0x0000000085e00000|100%| O|  |TAMS 0x0000000085d00000, 0x0000000085e00000| Untracked 
|  38|0x0000000085e00000, 0x0000000085f00000, 0x0000000085f00000|100%| O|  |TAMS 0x0000000085e00000, 0x0000000085e00000| Untracked 
|  39|0x0000000085f00000, 0x0000000086000000, 0x0000000086000000|100%| O|  |TAMS 0x0000000086000000, 0x0000000086000000| Untracked 
|  40|0x0000000086000000, 0x0000000086100000, 0x0000000086100000|100%| O|  |TAMS 0x0000000086100000, 0x0000000086100000| Untracked 
|  41|0x0000000086100000, 0x0000000086200000, 0x0000000086200000|100%| O|  |TAMS 0x0000000086200000, 0x0000000086200000| Untracked 
|  42|0x0000000086200000, 0x0000000086300000, 0x0000000086300000|100%| O|  |TAMS 0x0000000086200000, 0x0000000086200000| Untracked 
|  43|0x0000000086300000, 0x0000000086400000, 0x0000000086400000|100%| O|  |TAMS 0x0000000086300000, 0x0000000086300000| Untracked 
|  44|0x0000000086400000, 0x0000000086500000, 0x0000000086500000|100%| O|  |TAMS 0x0000000086400000, 0x0000000086500000| Untracked 
|  45|0x0000000086500000, 0x0000000086500000, 0x0000000086600000|  0%| F|  |TAMS 0x0000000086500000, 0x0000000086500000| Untracked 
|  46|0x0000000086600000, 0x0000000086600000, 0x0000000086700000|  0%| F|  |TAMS 0x0000000086600000, 0x0000000086600000| Untracked 
|  47|0x0000000086700000, 0x0000000086800000, 0x0000000086800000|100%| O|  |TAMS 0x0000000086800000, 0x0000000086800000| Untracked 
|  48|0x0000000086800000, 0x0000000086800000, 0x0000000086900000|  0%| F|  |TAMS 0x0000000086800000, 0x0000000086800000| Untracked 
|  49|0x0000000086900000, 0x0000000086900000, 0x0000000086a00000|  0%| F|  |TAMS 0x0000000086900000, 0x0000000086900000| Untracked 
|  50|0x0000000086a00000, 0x0000000086b00000, 0x0000000086b00000|100%| O|  |TAMS 0x0000000086b00000, 0x0000000086b00000| Untracked 
|  51|0x0000000086b00000, 0x0000000086b00000, 0x0000000086c00000|  0%| F|  |TAMS 0x0000000086b00000, 0x0000000086b00000| Untracked 
|  52|0x0000000086c00000, 0x0000000086d00000, 0x0000000086d00000|100%| O|  |TAMS 0x0000000086d00000, 0x0000000086d00000| Untracked 
|  53|0x0000000086d00000, 0x0000000086e00000, 0x0000000086e00000|100%| O|  |TAMS 0x0000000086e00000, 0x0000000086e00000| Untracked 
|  54|0x0000000086e00000, 0x0000000086f00000, 0x0000000086f00000|100%| O|  |TAMS 0x0000000086f00000, 0x0000000086f00000| Untracked 
|  55|0x0000000086f00000, 0x0000000087000000, 0x0000000087000000|100%| O|  |TAMS 0x0000000087000000, 0x0000000087000000| Untracked 
|  56|0x0000000087000000, 0x0000000087100000, 0x0000000087100000|100%| O|  |TAMS 0x000000008702e400, 0x0000000087100000| Untracked 
|  57|0x0000000087100000, 0x0000000087200000, 0x0000000087200000|100%| O|  |TAMS 0x0000000087100000, 0x0000000087200000| Untracked 
|  58|0x0000000087200000, 0x0000000087300000, 0x0000000087300000|100%| O|  |TAMS 0x0000000087200000, 0x0000000087300000| Untracked 
|  59|0x0000000087300000, 0x0000000087400000, 0x0000000087400000|100%| O|  |TAMS 0x0000000087300000, 0x0000000087400000| Untracked 
|  60|0x0000000087400000, 0x0000000087500000, 0x0000000087500000|100%| O|  |TAMS 0x0000000087400000, 0x0000000087500000| Untracked 
|  61|0x0000000087500000, 0x0000000087600000, 0x0000000087600000|100%| O|  |TAMS 0x0000000087500000, 0x0000000087600000| Untracked 
|  62|0x0000000087600000, 0x0000000087700000, 0x0000000087700000|100%| O|  |TAMS 0x0000000087600000, 0x0000000087700000| Untracked 
|  63|0x0000000087700000, 0x0000000087800000, 0x0000000087800000|100%| O|  |TAMS 0x0000000087700000, 0x0000000087800000| Untracked 
|  64|0x0000000087800000, 0x0000000087900000, 0x0000000087900000|100%| O|  |TAMS 0x0000000087800000, 0x0000000087900000| Untracked 
|  65|0x0000000087900000, 0x0000000087a00000, 0x0000000087a00000|100%| O|  |TAMS 0x0000000087900000, 0x0000000087a00000| Untracked 
|  66|0x0000000087a00000, 0x0000000087b00000, 0x0000000087b00000|100%| O|  |TAMS 0x0000000087a00000, 0x0000000087b00000| Untracked 
|  67|0x0000000087b00000, 0x0000000087c00000, 0x0000000087c00000|100%| O|  |TAMS 0x0000000087b00000, 0x0000000087c00000| Untracked 
|  68|0x0000000087c00000, 0x0000000087d00000, 0x0000000087d00000|100%| O|  |TAMS 0x0000000087c00000, 0x0000000087d00000| Untracked 
|  69|0x0000000087d00000, 0x0000000087e00000, 0x0000000087e00000|100%| O|  |TAMS 0x0000000087d00000, 0x0000000087e00000| Untracked 
|  70|0x0000000087e00000, 0x0000000087f00000, 0x0000000087f00000|100%| O|  |TAMS 0x0000000087e00000, 0x0000000087f00000| Untracked 
|  71|0x0000000087f00000, 0x0000000088000000, 0x0000000088000000|100%| O|  |TAMS 0x0000000087f00000, 0x0000000088000000| Untracked 
|  72|0x0000000088000000, 0x0000000088100000, 0x0000000088100000|100%| O|  |TAMS 0x0000000088000000, 0x0000000088100000| Untracked 
|  73|0x0000000088100000, 0x0000000088200000, 0x0000000088200000|100%| O|  |TAMS 0x0000000088100000, 0x0000000088200000| Untracked 
|  74|0x0000000088200000, 0x0000000088300000, 0x0000000088300000|100%| O|  |TAMS 0x0000000088200000, 0x00000000882f2a00| Untracked 
|  75|0x0000000088300000, 0x0000000088300000, 0x0000000088400000|  0%| F|  |TAMS 0x0000000088300000, 0x0000000088300000| Untracked 
|  76|0x0000000088400000, 0x0000000088400000, 0x0000000088500000|  0%| F|  |TAMS 0x0000000088400000, 0x0000000088400000| Untracked 
|  77|0x0000000088500000, 0x0000000088500000, 0x0000000088600000|  0%| F|  |TAMS 0x0000000088500000, 0x0000000088500000| Untracked 
|  78|0x0000000088600000, 0x0000000088600000, 0x0000000088700000|  0%| F|  |TAMS 0x0000000088600000, 0x0000000088600000| Untracked 
|  79|0x0000000088700000, 0x0000000088700000, 0x0000000088800000|  0%| F|  |TAMS 0x0000000088700000, 0x0000000088700000| Untracked 
|  80|0x0000000088800000, 0x0000000088800000, 0x0000000088900000|  0%| F|  |TAMS 0x0000000088800000, 0x0000000088800000| Untracked 
|  81|0x0000000088900000, 0x0000000088900000, 0x0000000088a00000|  0%| F|  |TAMS 0x0000000088900000, 0x0000000088900000| Untracked 
|  82|0x0000000088a00000, 0x0000000088a00000, 0x0000000088b00000|  0%| F|  |TAMS 0x0000000088a00000, 0x0000000088a00000| Untracked 
|  83|0x0000000088b00000, 0x0000000088b00000, 0x0000000088c00000|  0%| F|  |TAMS 0x0000000088b00000, 0x0000000088b00000| Untracked 
|  84|0x0000000088c00000, 0x0000000088c00000, 0x0000000088d00000|  0%| F|  |TAMS 0x0000000088c00000, 0x0000000088c00000| Untracked 
|  85|0x0000000088d00000, 0x0000000088d00000, 0x0000000088e00000|  0%| F|  |TAMS 0x0000000088d00000, 0x0000000088d00000| Untracked 
|  86|0x0000000088e00000, 0x0000000088e00000, 0x0000000088f00000|  0%| F|  |TAMS 0x0000000088e00000, 0x0000000088e00000| Untracked 
|  87|0x0000000088f00000, 0x0000000088f00000, 0x0000000089000000|  0%| F|  |TAMS 0x0000000088f00000, 0x0000000088f00000| Untracked 
|  88|0x0000000089000000, 0x0000000089000000, 0x0000000089100000|  0%| F|  |TAMS 0x0000000089000000, 0x0000000089000000| Untracked 
|  89|0x0000000089100000, 0x0000000089100000, 0x0000000089200000|  0%| F|  |TAMS 0x0000000089100000, 0x0000000089100000| Untracked 
|  90|0x0000000089200000, 0x0000000089200000, 0x0000000089300000|  0%| F|  |TAMS 0x0000000089200000, 0x0000000089200000| Untracked 
|  91|0x0000000089300000, 0x0000000089300000, 0x0000000089400000|  0%| F|  |TAMS 0x0000000089300000, 0x0000000089300000| Untracked 
|  92|0x0000000089400000, 0x0000000089400000, 0x0000000089500000|  0%| F|  |TAMS 0x0000000089400000, 0x0000000089400000| Untracked 
|  93|0x0000000089500000, 0x0000000089500000, 0x0000000089600000|  0%| F|  |TAMS 0x0000000089500000, 0x0000000089500000| Untracked 
|  94|0x0000000089600000, 0x0000000089600000, 0x0000000089700000|  0%| F|  |TAMS 0x0000000089600000, 0x0000000089600000| Untracked 
|  95|0x0000000089700000, 0x0000000089700000, 0x0000000089800000|  0%| F|  |TAMS 0x0000000089700000, 0x0000000089700000| Untracked 
|  96|0x0000000089800000, 0x0000000089800000, 0x0000000089900000|  0%| F|  |TAMS 0x0000000089800000, 0x0000000089800000| Untracked 
|  97|0x0000000089900000, 0x0000000089900000, 0x0000000089a00000|  0%| F|  |TAMS 0x0000000089900000, 0x0000000089900000| Untracked 
|  98|0x0000000089a00000, 0x0000000089a00000, 0x0000000089b00000|  0%| F|  |TAMS 0x0000000089a00000, 0x0000000089a00000| Untracked 
|  99|0x0000000089b00000, 0x0000000089b00000, 0x0000000089c00000|  0%| F|  |TAMS 0x0000000089b00000, 0x0000000089b00000| Untracked 
| 100|0x0000000089c00000, 0x0000000089c00000, 0x0000000089d00000|  0%| F|  |TAMS 0x0000000089c00000, 0x0000000089c00000| Untracked 
| 101|0x0000000089d00000, 0x0000000089d00000, 0x0000000089e00000|  0%| F|  |TAMS 0x0000000089d00000, 0x0000000089d00000| Untracked 
| 102|0x0000000089e00000, 0x0000000089e00000, 0x0000000089f00000|  0%| F|  |TAMS 0x0000000089e00000, 0x0000000089e00000| Untracked 
| 103|0x0000000089f00000, 0x0000000089f00000, 0x000000008a000000|  0%| F|  |TAMS 0x0000000089f00000, 0x0000000089f00000| Untracked 
| 104|0x000000008a000000, 0x000000008a000000, 0x000000008a100000|  0%| F|  |TAMS 0x000000008a000000, 0x000000008a000000| Untracked 
| 105|0x000000008a100000, 0x000000008a100000, 0x000000008a200000|  0%| F|  |TAMS 0x000000008a100000, 0x000000008a100000| Untracked 
| 106|0x000000008a200000, 0x000000008a200000, 0x000000008a300000|  0%| F|  |TAMS 0x000000008a200000, 0x000000008a200000| Untracked 
| 107|0x000000008a300000, 0x000000008a300000, 0x000000008a400000|  0%| F|  |TAMS 0x000000008a300000, 0x000000008a300000| Untracked 
| 108|0x000000008a400000, 0x000000008a400000, 0x000000008a500000|  0%| F|  |TAMS 0x000000008a400000, 0x000000008a400000| Untracked 
| 109|0x000000008a500000, 0x000000008a600000, 0x000000008a600000|100%| S|CS|TAMS 0x000000008a500000, 0x000000008a500000| Complete 
| 110|0x000000008a600000, 0x000000008a700000, 0x000000008a700000|100%| S|CS|TAMS 0x000000008a600000, 0x000000008a600000| Complete 
| 111|0x000000008a700000, 0x000000008a800000, 0x000000008a800000|100%| S|CS|TAMS 0x000000008a700000, 0x000000008a700000| Complete 
| 112|0x000000008a800000, 0x000000008a900000, 0x000000008a900000|100%| S|CS|TAMS 0x000000008a800000, 0x000000008a800000| Complete 
| 113|0x000000008a900000, 0x000000008aa00000, 0x000000008aa00000|100%| S|CS|TAMS 0x000000008a900000, 0x000000008a900000| Complete 
| 114|0x000000008aa00000, 0x000000008ab00000, 0x000000008ab00000|100%| S|CS|TAMS 0x000000008aa00000, 0x000000008aa00000| Complete 
| 115|0x000000008ab00000, 0x000000008ab00000, 0x000000008ac00000|  0%| F|  |TAMS 0x000000008ab00000, 0x000000008ab00000| Untracked 
| 116|0x000000008ac00000, 0x000000008ac00000, 0x000000008ad00000|  0%| F|  |TAMS 0x000000008ac00000, 0x000000008ac00000| Untracked 
| 117|0x000000008ad00000, 0x000000008ad00000, 0x000000008ae00000|  0%| F|  |TAMS 0x000000008ad00000, 0x000000008ad00000| Untracked 
| 118|0x000000008ae00000, 0x000000008ae00000, 0x000000008af00000|  0%| F|  |TAMS 0x000000008ae00000, 0x000000008ae00000| Untracked 
| 119|0x000000008af00000, 0x000000008af00000, 0x000000008b000000|  0%| F|  |TAMS 0x000000008af00000, 0x000000008af00000| Untracked 
| 120|0x000000008b000000, 0x000000008b000000, 0x000000008b100000|  0%| F|  |TAMS 0x000000008b000000, 0x000000008b000000| Untracked 
| 121|0x000000008b100000, 0x000000008b100000, 0x000000008b200000|  0%| F|  |TAMS 0x000000008b100000, 0x000000008b100000| Untracked 
| 122|0x000000008b200000, 0x000000008b200000, 0x000000008b300000|  0%| F|  |TAMS 0x000000008b200000, 0x000000008b200000| Untracked 
| 123|0x000000008b300000, 0x000000008b300000, 0x000000008b400000|  0%| F|  |TAMS 0x000000008b300000, 0x000000008b300000| Untracked 
| 124|0x000000008b400000, 0x000000008b400000, 0x000000008b500000|  0%| F|  |TAMS 0x000000008b400000, 0x000000008b400000| Untracked 
| 125|0x000000008b500000, 0x000000008b500000, 0x000000008b600000|  0%| F|  |TAMS 0x000000008b500000, 0x000000008b500000| Untracked 
| 126|0x000000008b600000, 0x000000008b600000, 0x000000008b700000|  0%| F|  |TAMS 0x000000008b600000, 0x000000008b600000| Untracked 
| 127|0x000000008b700000, 0x000000008b700000, 0x000000008b800000|  0%| F|  |TAMS 0x000000008b700000, 0x000000008b700000| Untracked 
| 128|0x000000008b800000, 0x000000008b800000, 0x000000008b900000|  0%| F|  |TAMS 0x000000008b800000, 0x000000008b800000| Untracked 
| 129|0x000000008b900000, 0x000000008b900000, 0x000000008ba00000|  0%| F|  |TAMS 0x000000008b900000, 0x000000008b900000| Untracked 
| 130|0x000000008ba00000, 0x000000008ba00000, 0x000000008bb00000|  0%| F|  |TAMS 0x000000008ba00000, 0x000000008ba00000| Untracked 
| 131|0x000000008bb00000, 0x000000008bb00000, 0x000000008bc00000|  0%| F|  |TAMS 0x000000008bb00000, 0x000000008bb00000| Untracked 
| 132|0x000000008bc00000, 0x000000008bc00000, 0x000000008bd00000|  0%| F|  |TAMS 0x000000008bc00000, 0x000000008bc00000| Untracked 
| 133|0x000000008bd00000, 0x000000008bd00000, 0x000000008be00000|  0%| F|  |TAMS 0x000000008bd00000, 0x000000008bd00000| Untracked 
| 134|0x000000008be00000, 0x000000008be00000, 0x000000008bf00000|  0%| F|  |TAMS 0x000000008be00000, 0x000000008be00000| Untracked 
| 135|0x000000008bf00000, 0x000000008bf00000, 0x000000008c000000|  0%| F|  |TAMS 0x000000008bf00000, 0x000000008bf00000| Untracked 
| 136|0x000000008c000000, 0x000000008c000000, 0x000000008c100000|  0%| F|  |TAMS 0x000000008c000000, 0x000000008c000000| Untracked 
| 137|0x000000008c100000, 0x000000008c100000, 0x000000008c200000|  0%| F|  |TAMS 0x000000008c100000, 0x000000008c100000| Untracked 
| 138|0x000000008c200000, 0x000000008c200000, 0x000000008c300000|  0%| F|  |TAMS 0x000000008c200000, 0x000000008c200000| Untracked 
| 139|0x000000008c300000, 0x000000008c300000, 0x000000008c400000|  0%| F|  |TAMS 0x000000008c300000, 0x000000008c300000| Untracked 
| 140|0x000000008c400000, 0x000000008c400000, 0x000000008c500000|  0%| F|  |TAMS 0x000000008c400000, 0x000000008c400000| Untracked 
| 141|0x000000008c500000, 0x000000008c500000, 0x000000008c600000|  0%| F|  |TAMS 0x000000008c500000, 0x000000008c500000| Untracked 
| 142|0x000000008c600000, 0x000000008c600000, 0x000000008c700000|  0%| F|  |TAMS 0x000000008c600000, 0x000000008c600000| Untracked 
| 143|0x000000008c700000, 0x000000008c700000, 0x000000008c800000|  0%| F|  |TAMS 0x000000008c700000, 0x000000008c700000| Untracked 
| 144|0x000000008c800000, 0x000000008c800000, 0x000000008c900000|  0%| F|  |TAMS 0x000000008c800000, 0x000000008c800000| Untracked 
| 145|0x000000008c900000, 0x000000008c900000, 0x000000008ca00000|  0%| F|  |TAMS 0x000000008c900000, 0x000000008c900000| Untracked 
| 146|0x000000008ca00000, 0x000000008ca00000, 0x000000008cb00000|  0%| F|  |TAMS 0x000000008ca00000, 0x000000008ca00000| Untracked 

Card table byte_map: [0x0000024b77750000,0x0000024b77b40000] _byte_map_base: 0x0000024b77334000

Marking Bits (Prev, Next): (CMBitMap*) 0x0000024b6f627f90, (CMBitMap*) 0x0000024b6f627fd0
 Prev Bits: [0x0000024b77f30000, 0x0000024b79e50000)
 Next Bits: [0x0000024b79e50000, 0x0000024b7bd70000)

Polling page: 0x0000024b6d1a0000

Metaspace:

Usage:
  Non-class:     64.06 MB used.
      Class:     10.23 MB used.
       Both:     74.29 MB used.

Virtual space:
  Non-class space:       72.00 MB reserved,      64.38 MB ( 89%) committed,  9 nodes.
      Class space:        1.00 GB reserved,      10.50 MB (  1%) committed,  1 nodes.
             Both:        1.07 GB reserved,      74.88 MB (  7%) committed. 

Chunk freelists:
   Non-Class:  3.48 MB
       Class:  1.40 MB
        Both:  4.88 MB

MaxMetaspaceSize: unlimited
CompressedClassSpaceSize: 1.00 GB
Initial GC threshold: 21.00 MB
Current GC threshold: 124.81 MB
CDS: on
MetaspaceReclaimPolicy: balanced
 - commit_granule_bytes: 65536.
 - commit_granule_words: 8192.
 - virtual_space_node_default_size: 1048576.
 - enlarge_chunks_in_place: 1.
 - new_chunks_are_fully_committed: 0.
 - uncommit_free_chunks: 1.
 - use_allocation_guard: 0.
 - handle_deallocations: 1.


Internal statistics:

num_allocs_failed_limit: 9.
num_arena_births: 790.
num_arena_deaths: 0.
num_vsnodes_births: 10.
num_vsnodes_deaths: 0.
num_space_committed: 1198.
num_space_uncommitted: 0.
num_chunks_returned_to_freelist: 9.
num_chunks_taken_from_freelist: 3452.
num_chunk_merges: 9.
num_chunk_splits: 2521.
num_chunks_enlarged: 1998.
num_purges: 0.
num_inconsistent_stats: 0.

CodeHeap 'non-profiled nmethods': size=120000Kb used=3542Kb max_used=3542Kb free=116457Kb
 bounds [0x0000024b07ad0000, 0x0000024b07e50000, 0x0000024b0f000000]
CodeHeap 'profiled nmethods': size=120000Kb used=13734Kb max_used=13734Kb free=106265Kb
 bounds [0x0000024b005a0000, 0x0000024b01310000, 0x0000024b07ad0000]
CodeHeap 'non-nmethods': size=5760Kb used=1368Kb max_used=1445Kb free=4391Kb
 bounds [0x0000024b00000000, 0x0000024b00270000, 0x0000024b005a0000]
 total_blobs=7829 nmethods=7123 adapters=617
 compilation: enabled
              stopped_count=0, restarted_count=0
 full_count=0

Compilation events (20 events):
Event: 9.046 Thread 0x0000024b7ea04710 nmethod 8061 0x0000024b01305610 code [0x0000024b01305840, 0x0000024b01305d58]
Event: 9.057 Thread 0x0000024b7ea04710 8063       2       java.util.concurrent.atomic.AtomicLong::incrementAndGet (14 bytes)
Event: 9.057 Thread 0x0000024b7ea04710 nmethod 8063 0x0000024b01306010 code [0x0000024b013061a0, 0x0000024b013062b8]
Event: 9.057 Thread 0x0000024b7ea04710 8064       2       java.nio.MappedByteBuffer::<init> (22 bytes)
Event: 9.057 Thread 0x0000024b7ea04710 nmethod 8064 0x0000024b01306390 code [0x0000024b01306520, 0x0000024b01306688]
Event: 9.057 Thread 0x0000024b7ea04710 8066       2       jdk.internal.misc.Unsafe::setMemory (10 bytes)
Event: 9.057 Thread 0x0000024b7ea04710 nmethod 8066 0x0000024b01306790 code [0x0000024b01306920, 0x0000024b01306a68]
Event: 9.058 Thread 0x0000024b7ea04710 8067       2       jdk.internal.misc.Unsafe::setMemoryChecks (13 bytes)
Event: 9.058 Thread 0x0000024b7ea04710 nmethod 8067 0x0000024b01306b10 code [0x0000024b01306d00, 0x0000024b013070a8]
Event: 9.058 Thread 0x0000024b7ea04710 8068  s    2       jdk.internal.ref.Cleaner::add (26 bytes)
Event: 9.058 Thread 0x0000024b7ea04710 nmethod 8068 0x0000024b01307310 code [0x0000024b013074c0, 0x0000024b013077b8]
Event: 9.058 Thread 0x0000024b7ea04710 8069       2       java.nio.Bits::pageSize (20 bytes)
Event: 9.058 Thread 0x0000024b7ea04710 nmethod 8069 0x0000024b01307910 code [0x0000024b01307aa0, 0x0000024b01307bb8]
Event: 9.066 Thread 0x0000024b7ea04710 8071       2       jdk.internal.misc.VM::isDirectMemoryPageAligned (4 bytes)
Event: 9.066 Thread 0x0000024b7ea04710 nmethod 8071 0x0000024b01307c10 code [0x0000024b01307da0, 0x0000024b01307e98]
Event: 9.067 Thread 0x0000024b7ea04710 8072   !   2       java.nio.Bits::reserveMemory (232 bytes)
Event: 9.068 Thread 0x0000024b7ea04710 nmethod 8072 0x0000024b01307f10 code [0x0000024b01308200, 0x0000024b01308d48]
Event: 9.068 Thread 0x0000024b7ea04710 8073       2       java.nio.DirectByteBuffer$Deallocator::<init> (41 bytes)
Event: 9.068 Thread 0x0000024b7ea04710 nmethod 8073 0x0000024b01309710 code [0x0000024b013098a0, 0x0000024b013099b8]
Event: 9.068 Thread 0x0000024b7ea04710 8074   !   2       java.nio.DirectByteBuffer::<init> (148 bytes)

GC Heap History (20 events):
Event: 7.319 GC heap after
{Heap after GC invocations=16 (full 0):
 garbage-first heap   total 81920K, used 33339K [0x0000000083800000, 0x0000000100000000)
  region size 1024K, 5 young (5120K), 5 survivors (5120K)
 Metaspace       used 68974K, committed 69504K, reserved 1114112K
  class space    used 9612K, committed 9856K, reserved 1048576K
}
Event: 7.503 GC heap before
{Heap before GC invocations=16 (full 0):
 garbage-first heap   total 81920K, used 65083K [0x0000000083800000, 0x0000000100000000)
  region size 1024K, 36 young (36864K), 5 survivors (5120K)
 Metaspace       used 71010K, committed 71552K, reserved 1114112K
  class space    used 9898K, committed 10176K, reserved 1048576K
}
Event: 7.509 GC heap after
{Heap after GC invocations=17 (full 0):
 garbage-first heap   total 98304K, used 34875K [0x0000000083800000, 0x0000000100000000)
  region size 1024K, 4 young (4096K), 4 survivors (4096K)
 Metaspace       used 71010K, committed 71552K, reserved 1114112K
  class space    used 9898K, committed 10176K, reserved 1048576K
}
Event: 7.685 GC heap before
{Heap before GC invocations=17 (full 0):
 garbage-first heap   total 98304K, used 78907K [0x0000000083800000, 0x0000000100000000)
  region size 1024K, 47 young (48128K), 4 survivors (4096K)
 Metaspace       used 71436K, committed 72000K, reserved 1114112K
  class space    used 9945K, committed 10240K, reserved 1048576K
}
Event: 7.690 GC heap after
{Heap after GC invocations=18 (full 0):
 garbage-first heap   total 98304K, used 36285K [0x0000000083800000, 0x0000000100000000)
  region size 1024K, 3 young (3072K), 3 survivors (3072K)
 Metaspace       used 71436K, committed 72000K, reserved 1114112K
  class space    used 9945K, committed 10240K, reserved 1048576K
}
Event: 8.121 GC heap before
{Heap before GC invocations=18 (full 0):
 garbage-first heap   total 98304K, used 79293K [0x0000000083800000, 0x0000000100000000)
  region size 1024K, 45 young (46080K), 3 survivors (3072K)
 Metaspace       used 74646K, committed 75200K, reserved 1114112K
  class space    used 10355K, committed 10624K, reserved 1048576K
}
Event: 8.128 GC heap after
{Heap after GC invocations=19 (full 0):
 garbage-first heap   total 98304K, used 38338K [0x0000000083800000, 0x0000000100000000)
  region size 1024K, 5 young (5120K), 5 survivors (5120K)
 Metaspace       used 74646K, committed 75200K, reserved 1114112K
  class space    used 10355K, committed 10624K, reserved 1048576K
}
Event: 8.389 GC heap before
{Heap before GC invocations=19 (full 0):
 garbage-first heap   total 98304K, used 80322K [0x0000000083800000, 0x0000000100000000)
  region size 1024K, 46 young (47104K), 5 survivors (5120K)
 Metaspace       used 75760K, committed 76352K, reserved 1122304K
  class space    used 10463K, committed 10752K, reserved 1048576K
}
Event: 8.401 GC heap after
{Heap after GC invocations=20 (full 0):
 garbage-first heap   total 98304K, used 45247K [0x0000000083800000, 0x0000000100000000)
  region size 1024K, 6 young (6144K), 6 survivors (6144K)
 Metaspace       used 75760K, committed 76352K, reserved 1122304K
  class space    used 10463K, committed 10752K, reserved 1048576K
}
Event: 8.572 GC heap before
{Heap before GC invocations=20 (full 0):
 garbage-first heap   total 98304K, used 76991K [0x0000000083800000, 0x0000000100000000)
  region size 1024K, 37 young (37888K), 6 survivors (6144K)
 Metaspace       used 75924K, committed 76544K, reserved 1122304K
  class space    used 10475K, committed 10752K, reserved 1048576K
}
Event: 8.586 GC heap after
{Heap after GC invocations=21 (full 0):
 garbage-first heap   total 122880K, used 53570K [0x0000000083800000, 0x0000000100000000)
  region size 1024K, 5 young (5120K), 5 survivors (5120K)
 Metaspace       used 75924K, committed 76544K, reserved 1122304K
  class space    used 10475K, committed 10752K, reserved 1048576K
}
Event: 8.683 GC heap before
{Heap before GC invocations=21 (full 0):
 garbage-first heap   total 122880K, used 92482K [0x0000000083800000, 0x0000000100000000)
  region size 1024K, 43 young (44032K), 5 survivors (5120K)
 Metaspace       used 75973K, committed 76544K, reserved 1122304K
  class space    used 10475K, committed 10752K, reserved 1048576K
}
Event: 8.693 GC heap after
{Heap after GC invocations=22 (full 0):
 garbage-first heap   total 122880K, used 62649K [0x0000000083800000, 0x0000000100000000)
  region size 1024K, 6 young (6144K), 6 survivors (6144K)
 Metaspace       used 75973K, committed 76544K, reserved 1122304K
  class space    used 10475K, committed 10752K, reserved 1048576K
}
Event: 8.822 GC heap before
{Heap before GC invocations=22 (full 0):
 garbage-first heap   total 122880K, used 86201K [0x0000000083800000, 0x0000000100000000)
  region size 1024K, 31 young (31744K), 6 survivors (6144K)
 Metaspace       used 76030K, committed 76608K, reserved 1122304K
  class space    used 10475K, committed 10752K, reserved 1048576K
}
Event: 8.831 GC heap after
{Heap after GC invocations=23 (full 0):
 garbage-first heap   total 122880K, used 71208K [0x0000000083800000, 0x0000000100000000)
  region size 1024K, 5 young (5120K), 5 survivors (5120K)
 Metaspace       used 76030K, committed 76608K, reserved 1122304K
  class space    used 10475K, committed 10752K, reserved 1048576K
}
Event: 8.894 GC heap before
{Heap before GC invocations=24 (full 0):
 garbage-first heap   total 150528K, used 93736K [0x0000000083800000, 0x0000000100000000)
  region size 1024K, 28 young (28672K), 5 survivors (5120K)
 Metaspace       used 76049K, committed 76672K, reserved 1122304K
  class space    used 10475K, committed 10752K, reserved 1048576K
}
Event: 8.903 GC heap after
{Heap after GC invocations=25 (full 0):
 garbage-first heap   total 150528K, used 75975K [0x0000000083800000, 0x0000000100000000)
  region size 1024K, 4 young (4096K), 4 survivors (4096K)
 Metaspace       used 76049K, committed 76672K, reserved 1122304K
  class space    used 10475K, committed 10752K, reserved 1048576K
}
Event: 8.910 GC heap before
{Heap before GC invocations=25 (full 0):
 garbage-first heap   total 150528K, used 78023K [0x0000000083800000, 0x0000000100000000)
  region size 1024K, 7 young (7168K), 4 survivors (4096K)
 Metaspace       used 76049K, committed 76672K, reserved 1122304K
  class space    used 10475K, committed 10752K, reserved 1048576K
}
Event: 8.914 GC heap after
{Heap after GC invocations=26 (full 0):
 garbage-first heap   total 150528K, used 68554K [0x0000000083800000, 0x0000000100000000)
  region size 1024K, 1 young (1024K), 1 survivors (1024K)
 Metaspace       used 76049K, committed 76672K, reserved 1122304K
  class space    used 10475K, committed 10752K, reserved 1048576K
}
Event: 9.068 GC heap before
{Heap before GC invocations=26 (full 0):
 garbage-first heap   total 150528K, used 98250K [0x0000000083800000, 0x0000000100000000)
  region size 1024K, 32 young (32768K), 1 survivors (1024K)
 Metaspace       used 76077K, committed 76672K, reserved 1122304K
  class space    used 10477K, committed 10752K, reserved 1048576K
}

Deoptimization events (20 events):
Event: 8.934 Thread 0x0000024b12a908d0 DEOPT PACKING pc=0x0000024b011f483a sp=0x00000067ef9fe690
Event: 8.934 Thread 0x0000024b12a908d0 DEOPT UNPACKING pc=0x0000024b00052b43 sp=0x00000067ef9fdd28 mode 0
Event: 8.935 Thread 0x0000024b12a91740 DEOPT PACKING pc=0x0000024b011f483a sp=0x00000067efdfe7c0
Event: 8.935 Thread 0x0000024b12a91740 DEOPT UNPACKING pc=0x0000024b00052b43 sp=0x00000067efdfde58 mode 0
Event: 8.935 Thread 0x0000024b12a8ebf0 DEOPT PACKING pc=0x0000024b0120095b sp=0x00000067ef4fdaf0
Event: 8.935 Thread 0x0000024b12a8ebf0 DEOPT UNPACKING pc=0x0000024b00052b43 sp=0x00000067ef4fd058 mode 0
Event: 8.936 Thread 0x0000024b12a90400 DEOPT PACKING pc=0x0000024b011f483a sp=0x00000067ef3fe9c0
Event: 8.936 Thread 0x0000024b12a8f590 DEOPT PACKING pc=0x0000024b011f483a sp=0x00000067efefe690
Event: 8.936 Thread 0x0000024b12a8f0c0 DEOPT PACKING pc=0x0000024b011f483a sp=0x00000067ef8fea30
Event: 8.936 Thread 0x0000024b12a8f590 DEOPT UNPACKING pc=0x0000024b00052b43 sp=0x00000067efefdd28 mode 0
Event: 8.936 Thread 0x0000024b12a8f0c0 DEOPT UNPACKING pc=0x0000024b00052b43 sp=0x00000067ef8fe0c8 mode 0
Event: 8.936 Thread 0x0000024b12a90400 DEOPT UNPACKING pc=0x0000024b00052b43 sp=0x00000067ef3fe058 mode 0
Event: 9.055 Thread 0x0000024b11897870 DEOPT PACKING pc=0x0000024b011f483a sp=0x00000067ef2fe710
Event: 9.055 Thread 0x0000024b11897870 DEOPT UNPACKING pc=0x0000024b00052b43 sp=0x00000067ef2fdda8 mode 0
Event: 9.056 Thread 0x0000024b14e2be10 DEOPT PACKING pc=0x0000024b011f483a sp=0x00000067ef5fe860
Event: 9.056 Thread 0x0000024b14e2be10 DEOPT UNPACKING pc=0x0000024b00052b43 sp=0x00000067ef5fdef8 mode 0
Event: 9.057 Thread 0x0000024b14e2f300 DEOPT PACKING pc=0x0000024b011f483a sp=0x00000067f02fe7a0
Event: 9.057 Thread 0x0000024b14e2f300 DEOPT UNPACKING pc=0x0000024b00052b43 sp=0x00000067f02fde38 mode 0
Event: 9.058 Thread 0x0000024b14e2d620 DEOPT PACKING pc=0x0000024b011f483a sp=0x00000067f01fe690
Event: 9.058 Thread 0x0000024b14e2d620 DEOPT UNPACKING pc=0x0000024b00052b43 sp=0x00000067f01fdd28 mode 0

Classes unloaded (0 events):
No events

Classes redefined (0 events):
No events

Internal exceptions (20 events):
Event: 9.045 Thread 0x0000024b14e30170 Exception <a 'sun/nio/fs/WindowsException'{0x000000008b3547d0}> (0x000000008b3547d0) 
thrown [t:\workspace\open\src\hotspot\share\prims\jni.cpp, line 516]
Event: 9.046 Thread 0x0000024b14e30170 Exception <a 'sun/nio/fs/WindowsException'{0x000000008b354c20}> (0x000000008b354c20) 
thrown [t:\workspace\open\src\hotspot\share\prims\jni.cpp, line 516]
Event: 9.047 Thread 0x0000024b14e30170 Exception <a 'sun/nio/fs/WindowsException'{0x000000008b3556e8}> (0x000000008b3556e8) 
thrown [t:\workspace\open\src\hotspot\share\prims\jni.cpp, line 516]
Event: 9.047 Thread 0x0000024b14e30170 Exception <a 'sun/nio/fs/WindowsException'{0x000000008b355b68}> (0x000000008b355b68) 
thrown [t:\workspace\open\src\hotspot\share\prims\jni.cpp, line 516]
Event: 9.048 Thread 0x0000024b14e30170 Exception <a 'sun/nio/fs/WindowsException'{0x000000008b356608}> (0x000000008b356608) 
thrown [t:\workspace\open\src\hotspot\share\prims\jni.cpp, line 516]
Event: 9.048 Thread 0x0000024b14e30170 Exception <a 'sun/nio/fs/WindowsException'{0x000000008b356a58}> (0x000000008b356a58) 
thrown [t:\workspace\open\src\hotspot\share\prims\jni.cpp, line 516]
Event: 9.049 Thread 0x0000024b14e30170 Exception <a 'sun/nio/fs/WindowsException'{0x000000008b3574d0}> (0x000000008b3574d0) 
thrown [t:\workspace\open\src\hotspot\share\prims\jni.cpp, line 516]
Event: 9.049 Thread 0x0000024b14e30170 Exception <a 'sun/nio/fs/WindowsException'{0x000000008b3578f0}> (0x000000008b3578f0) 
thrown [t:\workspace\open\src\hotspot\share\prims\jni.cpp, line 516]
Event: 9.050 Thread 0x0000024b14e30170 Exception <a 'sun/nio/fs/WindowsException'{0x000000008b358378}> (0x000000008b358378) 
thrown [t:\workspace\open\src\hotspot\share\prims\jni.cpp, line 516]
Event: 9.050 Thread 0x0000024b14e30170 Exception <a 'sun/nio/fs/WindowsException'{0x000000008b3587b8}> (0x000000008b3587b8) 
thrown [t:\workspace\open\src\hotspot\share\prims\jni.cpp, line 516]
Event: 9.051 Thread 0x0000024b14e30170 Exception <a 'sun/nio/fs/WindowsException'{0x000000008b359230}> (0x000000008b359230) 
thrown [t:\workspace\open\src\hotspot\share\prims\jni.cpp, line 516]
Event: 9.051 Thread 0x0000024b14e30170 Exception <a 'sun/nio/fs/WindowsException'{0x000000008b359650}> (0x000000008b359650) 
thrown [t:\workspace\open\src\hotspot\share\prims\jni.cpp, line 516]
Event: 9.052 Thread 0x0000024b14e30170 Exception <a 'sun/nio/fs/WindowsException'{0x000000008b35a0d8}> (0x000000008b35a0d8) 
thrown [t:\workspace\open\src\hotspot\share\prims\jni.cpp, line 516]
Event: 9.052 Thread 0x0000024b14e30170 Exception <a 'sun/nio/fs/WindowsException'{0x000000008b35a518}> (0x000000008b35a518) 
thrown [t:\workspace\open\src\hotspot\share\prims\jni.cpp, line 516]
Event: 9.053 Thread 0x0000024b14e30170 Exception <a 'sun/nio/fs/WindowsException'{0x000000008b222270}> (0x000000008b222270) 
thrown [t:\workspace\open\src\hotspot\share\prims\jni.cpp, line 516]
Event: 9.053 Thread 0x0000024b14e30170 Exception <a 'sun/nio/fs/WindowsException'{0x000000008b2226c0}> (0x000000008b2226c0) 
thrown [t:\workspace\open\src\hotspot\share\prims\jni.cpp, line 516]
Event: 9.054 Thread 0x0000024b14e30170 Exception <a 'sun/nio/fs/WindowsException'{0x000000008b223178}> (0x000000008b223178) 
thrown [t:\workspace\open\src\hotspot\share\prims\jni.cpp, line 516]
Event: 9.054 Thread 0x0000024b14e30170 Exception <a 'sun/nio/fs/WindowsException'{0x000000008b2235e8}> (0x000000008b2235e8) 
thrown [t:\workspace\open\src\hotspot\share\prims\jni.cpp, line 516]
Event: 9.057 Thread 0x0000024b14e30170 Exception <a 'sun/nio/fs/WindowsException'{0x000000008b224098}> (0x000000008b224098) 
thrown [t:\workspace\open\src\hotspot\share\prims\jni.cpp, line 516]
Event: 9.057 Thread 0x0000024b14e30170 Exception <a 'sun/nio/fs/WindowsException'{0x000000008b224508}> (0x000000008b224508) 
thrown [t:\workspace\open\src\hotspot\share\prims\jni.cpp, line 516]

VM Operations (20 events):
Event: 9.056 Executing VM operation: ICBufferFull done
Event: 9.057 Executing VM operation: ICBufferFull
Event: 9.058 Executing VM operation: ICBufferFull done
Event: 9.058 Executing VM operation: ICBufferFull
Event: 9.058 Executing VM operation: ICBufferFull done
Event: 9.058 Executing VM operation: ICBufferFull
Event: 9.058 Executing VM operation: ICBufferFull done
Event: 9.060 Executing VM operation: ICBufferFull
Event: 9.060 Executing VM operation: ICBufferFull done
Event: 9.060 Executing VM operation: ICBufferFull
Event: 9.060 Executing VM operation: ICBufferFull done
Event: 9.062 Executing VM operation: ICBufferFull
Event: 9.062 Executing VM operation: ICBufferFull done
Event: 9.067 Executing VM operation: ICBufferFull
Event: 9.067 Executing VM operation: ICBufferFull done
Event: 9.067 Executing VM operation: ICBufferFull
Event: 9.067 Executing VM operation: ICBufferFull done
Event: 9.068 Executing VM operation: ICBufferFull
Event: 9.068 Executing VM operation: ICBufferFull done
Event: 9.068 Executing VM operation: G1TryInitiateConcMark

Events (20 events):
Event: 8.964 Thread 0x0000024b7ff913c0 Thread exited: 0x0000024b7ff913c0
Event: 9.039 Thread 0x0000024b11897870 Thread added: 0x0000024b11897870
Event: 9.040 Thread 0x0000024b14e30170 Thread added: 0x0000024b14e30170
Event: 9.040 Thread 0x0000024b14e33660 Thread added: 0x0000024b14e33660
Event: 9.040 Thread 0x0000024b14e2be10 Thread added: 0x0000024b14e2be10
Event: 9.040 Thread 0x0000024b14e2f7d0 Thread added: 0x0000024b14e2f7d0
Event: 9.040 Thread 0x0000024b14e2daf0 Thread added: 0x0000024b14e2daf0
Event: 9.041 Thread 0x0000024b14e2fca0 Thread added: 0x0000024b14e2fca0
Event: 9.041 Thread 0x0000024b14e2e490 Thread added: 0x0000024b14e2e490
Event: 9.041 Thread 0x0000024b14e2c7b0 Thread added: 0x0000024b14e2c7b0
Event: 9.041 Thread 0x0000024b14e30fe0 Thread added: 0x0000024b14e30fe0
Event: 9.041 Thread 0x0000024b14e30640 Thread added: 0x0000024b14e30640
Event: 9.041 Thread 0x0000024b14e2c2e0 Thread added: 0x0000024b14e2c2e0
Event: 9.041 Thread 0x0000024b14e31980 Thread added: 0x0000024b14e31980
Event: 9.041 Thread 0x0000024b14e2cc80 Thread added: 0x0000024b14e2cc80
Event: 9.041 Thread 0x0000024b14e2d150 Thread added: 0x0000024b14e2d150
Event: 9.042 Thread 0x0000024b14e2d620 Thread added: 0x0000024b14e2d620
Event: 9.042 Thread 0x0000024b14e2f300 Thread added: 0x0000024b14e2f300
Event: 9.042 Thread 0x0000024b14e2e960 Thread added: 0x0000024b14e2e960
Event: 9.042 Thread 0x0000024b14e2dfc0 Thread added: 0x0000024b14e2dfc0


Dynamic libraries:
0x00007ff639c70000 - 0x00007ff639c80000 	C:\Program Files\Java\jdk-17.0.3.1\bin\javaw.exe
0x00007ffc321b0000 - 0x00007ffc323a8000 	C:\WINDOWS\SYSTEM32\ntdll.dll
0x00007ffc31f50000 - 0x00007ffc3200f000 	C:\WINDOWS\System32\KERNEL32.DLL
0x00007ffc2fdd0000 - 0x00007ffc300c6000 	C:\WINDOWS\System32\KERNELBASE.dll
0x00007ffc2fc50000 - 0x00007ffc2fd50000 	C:\WINDOWS\System32\ucrtbase.dll
0x00007ffc1e3f0000 - 0x00007ffc1e408000 	C:\Program Files\Java\jdk-17.0.3.1\bin\jli.dll
0x00007ffc272d0000 - 0x00007ffc272ea000 	C:\Program Files\Java\jdk-17.0.3.1\bin\VCRUNTIME140.dll
0x00007ffc30420000 - 0x00007ffc304cf000 	C:\WINDOWS\System32\ADVAPI32.dll
0x00007ffc31480000 - 0x00007ffc3151e000 	C:\WINDOWS\System32\msvcrt.dll
0x00007ffc30ad0000 - 0x00007ffc30b6c000 	C:\WINDOWS\System32\sechost.dll
0x00007ffc309a0000 - 0x00007ffc30ac6000 	C:\WINDOWS\System32\RPCRT4.dll
0x00007ffc31d10000 - 0x00007ffc31ead000 	C:\WINDOWS\System32\USER32.dll
0x00007ffc2fa60000 - 0x00007ffc2fa82000 	C:\WINDOWS\System32\win32u.dll
0x00007ffc304d0000 - 0x00007ffc304fc000 	C:\WINDOWS\System32\GDI32.dll
0x00007ffc2fb30000 - 0x00007ffc2fc45000 	C:\WINDOWS\System32\gdi32full.dll
0x00007ffc2fa90000 - 0x00007ffc2fb2d000 	C:\WINDOWS\System32\msvcp_win.dll
0x00007ffc1c920000 - 0x00007ffc1cbba000 	C:\WINDOWS\WinSxS\amd64_microsoft.windows.common-controls_6595b64144ccf1df_6.0.19041.1110_none_60b5254171f9507e\COMCTL32.dll
0x00007ffc2f5c0000 - 0x00007ffc2f5ca000 	C:\WINDOWS\SYSTEM32\VERSION.dll
0x00007ffc31eb0000 - 0x00007ffc31ee0000 	C:\WINDOWS\System32\IMM32.DLL
0x000000006b580000 - 0x000000006b58c000 	F:\programs\360\Total Security\safemon\SafeWrapper.dll
0x00007ffbed550000 - 0x00007ffbed5e2000 	F:\programs\360\Total Security\safemon\libzdtp64.dll
0x00007ffc30b90000 - 0x00007ffc312d4000 	C:\WINDOWS\System32\SHELL32.dll
0x00007ffc31ef0000 - 0x00007ffc31f45000 	C:\WINDOWS\System32\SHLWAPI.dll
0x00007ffc1e680000 - 0x00007ffc1e68c000 	C:\Program Files\Java\jdk-17.0.3.1\bin\vcruntime140_1.dll
0x00007ffbea7b0000 - 0x00007ffbea83d000 	C:\Program Files\Java\jdk-17.0.3.1\bin\msvcp140.dll
0x00007ffc01be0000 - 0x00007ffc027a0000 	C:\Program Files\Java\jdk-17.0.3.1\bin\server\jvm.dll
0x00007ffc31b30000 - 0x00007ffc31b38000 	C:\WINDOWS\System32\PSAPI.DLL
0x00007ffc0c770000 - 0x00007ffc0c779000 	C:\WINDOWS\SYSTEM32\WSOCK32.dll
0x00007ffc1f030000 - 0x00007ffc1f057000 	C:\WINDOWS\SYSTEM32\WINMM.dll
0x00007ffc31520000 - 0x00007ffc3158b000 	C:\WINDOWS\System32\WS2_32.dll
0x00007ffc2e040000 - 0x00007ffc2e052000 	C:\WINDOWS\SYSTEM32\kernel.appcore.dll
0x00007ffc01560000 - 0x00007ffc0156a000 	C:\Program Files\Java\jdk-17.0.3.1\bin\jimage.dll
0x00007ffc2dd20000 - 0x00007ffc2df04000 	C:\WINDOWS\SYSTEM32\DBGHELP.DLL
0x00007ffc0ca30000 - 0x00007ffc0ca64000 	C:\WINDOWS\SYSTEM32\dbgcore.DLL
0x00007ffc30180000 - 0x00007ffc30202000 	C:\WINDOWS\System32\bcryptPrimitives.dll
0x00007ffc014e0000 - 0x00007ffc01505000 	C:\Program Files\Java\jdk-17.0.3.1\bin\java.dll
0x00007ffbfe5b0000 - 0x00007ffbfe686000 	C:\Program Files\Java\jdk-17.0.3.1\bin\jsvml.dll
0x00007ffc2d570000 - 0x00007ffc2dd03000 	C:\WINDOWS\SYSTEM32\windows.storage.dll
0x00007ffc305b0000 - 0x00007ffc30904000 	C:\WINDOWS\System32\combase.dll
0x00007ffc2f190000 - 0x00007ffc2f1be000 	C:\WINDOWS\SYSTEM32\Wldp.dll
0x00007ffc30500000 - 0x00007ffc305ad000 	C:\WINDOWS\System32\SHCORE.dll
0x00007ffc2f7c0000 - 0x00007ffc2f7e5000 	C:\WINDOWS\SYSTEM32\profapi.dll
0x00007ffbfad30000 - 0x00007ffbfad49000 	C:\Program Files\Java\jdk-17.0.3.1\bin\net.dll
0x00007ffc2a530000 - 0x00007ffc2a63a000 	C:\WINDOWS\SYSTEM32\WINHTTP.dll
0x00007ffc2eea0000 - 0x00007ffc2ef0a000 	C:\WINDOWS\system32\mswsock.dll
0x00007ffbfad10000 - 0x00007ffbfad26000 	C:\Program Files\Java\jdk-17.0.3.1\bin\nio.dll
0x00007ffbfa540000 - 0x00007ffbfa558000 	C:\Program Files\Java\jdk-17.0.3.1\bin\zip.dll
0x00007ffc2f060000 - 0x00007ffc2f078000 	C:\WINDOWS\SYSTEM32\CRYPTSP.dll
0x00007ffc2e7c0000 - 0x00007ffc2e7f4000 	C:\WINDOWS\system32\rsaenh.dll
0x00007ffc2fd50000 - 0x00007ffc2fd77000 	C:\WINDOWS\System32\bcrypt.dll
0x00007ffc2f740000 - 0x00007ffc2f76e000 	C:\WINDOWS\SYSTEM32\USERENV.dll
0x00007ffc2f050000 - 0x00007ffc2f05c000 	C:\WINDOWS\SYSTEM32\CRYPTBASE.dll
0x00007ffc2eba0000 - 0x00007ffc2ebdb000 	C:\WINDOWS\SYSTEM32\IPHLPAPI.DLL
0x00007ffc31ee0000 - 0x00007ffc31ee8000 	C:\WINDOWS\System32\NSI.dll
0x00007ffc27ee0000 - 0x00007ffc27ef7000 	C:\WINDOWS\SYSTEM32\dhcpcsvc6.DLL
0x00007ffc280a0000 - 0x00007ffc280bd000 	C:\WINDOWS\SYSTEM32\dhcpcsvc.DLL
0x00007ffc2ebe0000 - 0x00007ffc2ecaa000 	C:\WINDOWS\SYSTEM32\DNSAPI.dll
0x00007ffbf7c00000 - 0x00007ffbf7c0e000 	C:\Program Files\Java\jdk-17.0.3.1\bin\sunmscapi.dll
0x00007ffc2f900000 - 0x00007ffc2fa5e000 	C:\WINDOWS\System32\CRYPT32.dll
0x00007ffc2f200000 - 0x00007ffc2f228000 	C:\WINDOWS\SYSTEM32\ncrypt.dll
0x00007ffc2f1c0000 - 0x00007ffc2f1fb000 	C:\WINDOWS\SYSTEM32\NTASN1.dll
0x00007ffbf8f20000 - 0x00007ffbf8f29000 	C:\Program Files\Java\jdk-17.0.3.1\bin\management.dll
0x00007ffbf86d0000 - 0x00007ffbf86db000 	C:\Program Files\Java\jdk-17.0.3.1\bin\management_ext.dll
0x00007ffc1d180000 - 0x00007ffc1d190000 	C:\Program Files\Java\jdk-17.0.3.1\bin\verify.dll
0x00007ffc27ed0000 - 0x00007ffc27eda000 	C:\Windows\System32\rasadhlp.dll
0x00007ffc27690000 - 0x00007ffc27712000 	C:\WINDOWS\System32\fwpuclnt.dll

dbghelp: loaded successfully - version: 4.0.5 - missing functions: none
symbol engine: initialized successfully - sym options: 0x614 - pdb path: .;C:\Program Files\Java\jdk-17.0.3.1\bin;C:\WINDOWS\SYSTEM32;C:\WINDOWS\WinSxS\amd64_microsoft.windows.common-controls_6595b64144ccf1df_6.0.19041.1110_none_60b5254171f9507e;F:\programs\360\Total Security\safemon;C:\Program Files\Java\jdk-17.0.3.1\bin\server

VM Arguments:
jvm_args: -Dfile.encoding=UTF-8 -XX:+ShowCodeDetailsInExceptionMessages 
java_command: com.Fintech.OnlineBanking.OnlineBankingApplication
java_class_path (initial): E:\eclipse-workspace\graduation-project\final backend-final Security.zip_expanded\CoPro.zip_expanded\CoPro\target\classes;C:\Users\marin\.m2\repository\org\springframework\boot\spring-boot-starter\3.1.0\spring-boot-starter-3.1.0.jar;C:\Users\marin\.m2\repository\org\springframework\boot\spring-boot\3.1.0\spring-boot-3.1.0.jar;C:\Users\marin\.m2\repository\org\springframework\spring-context\6.0.9\spring-context-6.0.9.jar;C:\Users\marin\.m2\repository\org\springframework\boot\spring-boot-autoconfigure\3.1.0\spring-boot-autoconfigure-3.1.0.jar;C:\Users\marin\.m2\repository\org\springframework\boot\spring-boot-starter-logging\3.1.0\spring-boot-starter-logging-3.1.0.jar;C:\Users\marin\.m2\repository\ch\qos\logback\logback-classic\1.4.7\logback-classic-1.4.7.jar;C:\Users\marin\.m2\repository\ch\qos\logback\logback-core\1.4.7\logback-core-1.4.7.jar;C:\Users\marin\.m2\repository\org\apache\logging\log4j\log4j-to-slf4j\2.20.0\log4j-to-slf4j-2.20.0.jar;C:\Users\marin\.m2\repository\org\apache\logging\log4j\log4j-api\2.20.0\log4j-api-2.20.0.jar;C:\Users\marin\.m2\repository\org\slf4j\jul-to-slf4j\2.0.7\jul-to-slf4j-2.0.7.jar;C:\Users\marin\.m2\repository\jakarta\annotation\jakarta.annotation-api\2.1.1\jakarta.annotation-api-2.1.1.jar;C:\Users\marin\.m2\repository\org\springframework\spring-core\6.0.9\spring-core-6.0.9.jar;C:\Users\marin\.m2\repository\org\springframework\spring-jcl\6.0.9\spring-jcl-6.0.9.jar;C:\Users\marin\.m2\repository\org\yaml\snakeyaml\1.33\snakeyaml-1.33.jar;C:\Users\marin\.m2\repository\org\slf4j\slf4j-api\2.0.7\slf4j-api-2.0.7.jar;C:\Users\marin\.m2\repository\jakarta\xml\bind\jakarta.xml.bind-api\4.0.0\jakarta.xml.bind-api-4.0.0.jar;C:\Users\marin\.m2\repository\jakarta\activation\jakarta.activation-api\2.1.2\jakarta.activation-api-2.1.2.jar;C:\Users\marin\.m2\repository\net\minidev\json-smart\2.4.10\json-smart-2.4.10.jar;C:\Users\marin\.m2\repository\net\minidev\accessors-smart\2.4.9\accessors-smart-2.4.9.jar;C:\Users\mari
Launcher Type: SUN_STANDARD

[Global flags]
     intx CICompilerCount                          = 4                                         {product} {ergonomic}
     uint ConcGCThreads                            = 3                                         {product} {ergonomic}
     uint G1ConcRefinementThreads                  = 10                                        {product} {ergonomic}
   size_t G1HeapRegionSize                         = 1048576                                   {product} {ergonomic}
    uintx GCDrainStackTargetSize                   = 64                                        {product} {ergonomic}
   size_t InitialHeapSize                          = 132120576                                 {product} {ergonomic}
   size_t MarkStackSize                            = 4194304                                   {product} {ergonomic}
   size_t MaxHeapSize                              = 2088763392                                {product} {ergonomic}
   size_t MaxNewSize                               = 1253048320                                {product} {ergonomic}
   size_t MinHeapDeltaBytes                        = 1048576                                   {product} {ergonomic}
   size_t MinHeapSize                              = 8388608                                   {product} {ergonomic}
    uintx NonNMethodCodeHeapSize                   = 5839372                                {pd product} {ergonomic}
    uintx NonProfiledCodeHeapSize                  = 122909434                              {pd product} {ergonomic}
    uintx ProfiledCodeHeapSize                     = 122909434                              {pd product} {ergonomic}
    uintx ReservedCodeCacheSize                    = 251658240                              {pd product} {ergonomic}
     bool SegmentedCodeCache                       = true                                      {product} {ergonomic}
     bool ShowCodeDetailsInExceptionMessages       = true                                   {manageable} {command line}
   size_t SoftMaxHeapSize                          = 2088763392                             {manageable} {ergonomic}
     bool UseCompressedClassPointers               = true                           {product lp64_product} {ergonomic}
     bool UseCompressedOops                        = true                           {product lp64_product} {ergonomic}
     bool UseG1GC                                  = true                                      {product} {ergonomic}
     bool UseLargePagesIndividualAllocation        = false                                  {pd product} {ergonomic}

Logging:
Log output configuration:
 #0: stdout all=warning uptime,level,tags
 #1: stderr all=off uptime,level,tags

Environment Variables:
JAVA_HOME=C:\Program Files\Java\jdk-17.0.3.1
PATH=C:/Program Files/Java/jdk-17.0.3.1/bin/server;C:/Program Files/Java/jdk-17.0.3.1/bin;C:\Program Files\Docker\Docker\Resources\bin;C:\Program Files\Java\jdk-17.0.3.1\bin;C:\Program Files\Docker\Docker\resources\bin;C:\Program Files\dotnet\;C:\Program Files\Java\jdk-17.0.3.1\bin;C:\Program Files\nodejs;C:\Users\marin\AppData\Local\Programs\Python\Python38\Scripts\;C:\Users\marin\AppData\Local\Programs\Python\Python38\;C:\Users\marin\AppData\Local\Programs\Python\Python311\Scripts\;C:\Users\marin\AppData\Local\Programs\Python\Python311\;C:\Program Files\MySQL\MySQL Shell 8.0\bin\;C:\Users\marin\AppData\Local\Microsoft\WindowsApps;C:\Users\marin\AppData\Local\JetBrains\CLion 2021.3.4\bin;C:\Users\marin\AppData\Local\Programs\Microsoft VS Code\bin;C:\Users\marin\AppData\Local\gitkraken\bin;P:\programs\IntelliJ IDEA Community Edition 2022.2.3\bin;;C:\Program Files\heroku\bin;C:\Program Files\heroku\bin;C:\Program Files\Azure Data Studio\bin;C:\Program Files\JetBrains\PyCharm Community Edition 2022.2.4\bin;;C:\Users\marin\AppData\Roaming\npm;C:\Users\marin\OpenSSL\bin;C:\Users\marin\AppData\Local\GitHubDesktop\bin;C:\Program Files\Docker\Docker\resources\bin;;C:\Users\marin\eclipse\jee-2023-06\eclipse;
USERNAME=marin
OS=Windows_NT
PROCESSOR_IDENTIFIER=Intel64 Family 6 Model 165 Stepping 2, GenuineIntel



---------------  S Y S T E M  ---------------

OS:
 Windows 10 , 64 bit Build 19041 (10.0.19041.3155)
OS uptime: 3 days 2:56 hours
Hyper-V role detected

CPU: total 12 (initial active 12) (6 cores per cpu, 2 threads per core) family 6 model 165 stepping 2 microcode 0xf4, cx8, cmov, fxsr, ht, mmx, 3dnowpref, sse, sse2, sse3, ssse3, sse4.1, sse4.2, popcnt, lzcnt, tsc, tscinvbit, avx, avx2, aes, erms, clmul, bmi1, bmi2, adx, fma, vzeroupper, clflush, clflushopt, hv

Memory: 4k page, system-wide physical 7967M (299M free)
TotalPageFile size 20285M (AvailPageFile size 215M)
current process WorkingSet (physical memory assigned to process): 349M, peak: 349M
current process commit charge ("private bytes"): 394M, peak: 688M

vm_info: Java HotSpot(TM) 64-Bit Server VM (17.0.3.1+2-LTS-6) for windows-amd64 JRE (17.0.3.1+2-LTS-6), built on Apr 25 2022 22:04:21 by "mach5one" with MS VC++ 16.8 / 16.9 (VS2019)

END.
